<?xml version="1.0" encoding="UTF-8"?>
<!-- Generated by org.testng.reporters.JUnitXMLReporter -->
<testsuite ignored="0" hostname="PatronusPulse" failures="1" tests="2" name="SmokeTest" time="0.384" errors="0" timestamp="2024-09-15T19:10:37 IST">
  <testcase classname="com.allure.test2" name="testMethod2" time="0.147">
    <failure type="java.lang.AssertionError" message="expected [true] but found [false]">
      <![CDATA[java.lang.AssertionError: expected [true] but found [false]
at com.allure.test2.testMethod2(test2.java:9)
at java.base/java.util.ArrayList.forEach(ArrayList.java:1597)
... Removed 29 stack frames]]>
    </failure>
  </testcase> <!-- testMethod2 -->
  <testcase classname="com.allure.test1" name="testMethod1" time="0.006"/>
</testsuite> <!-- SmokeTest -->
